<?xml version="1.0" encoding="UTF-8"?>
<testsuite xmlns:xsi="http://www.w3.org/2001/XMLSchema-instance" xsi:noNamespaceSchemaLocation="https://maven.apache.org/surefire/maven-surefire-plugin/xsd/surefire-test-report-3.0.xsd" version="3.0" name="com.simplejdbc.AccountTest" time="0.589" tests="1" errors="0" skipped="0" failures="0">
  <properties>
[...]
</properties>
  <testcase name="AccountAddTest" classname="com.simplejdbc.AccountTest" time="0.565">
    <system-out><![CDATA[16:30:35.431 [main] DEBUG org.apache.ibatis.logging.LogFactory -- Logging initialized using 'class org.apache.ibatis.logging.slf4j.Slf4jImpl' adapter.
16:30:35.456 [main] DEBUG org.apache.ibatis.transaction.jdbc.JdbcTransaction -- Opening JDBC Connection
16:30:35.777 [main] INFO com.alibaba.druid.pool.DruidDataSource -- {dataSource-1} inited
16:30:35.779 [main] DEBUG org.apache.ibatis.transaction.jdbc.JdbcTransaction -- Setting autocommit to false on JDBC Connection [com.mysql.cj.jdbc.ConnectionImpl@51e4ccb3]
16:30:35.784 [main] DEBUG com.simplejdbc.dao.AccountDao.addAccount -- ==>  Preparing: INSERT INTO Account VALUES (?, ?, ?)
16:30:35.796 [main] DEBUG com.simplejdbc.dao.AccountDao.addAccount -- ==> Parameters: 3(Integer), Agility(String), 123(String)
16:30:35.811 [main] DEBUG com.simplejdbc.dao.AccountDao.addAccount -- <==    Updates: 1
16:30:35.811 [main] DEBUG org.apache.ibatis.transaction.jdbc.JdbcTransaction -- Committing JDBC Connection [com.mysql.cj.jdbc.ConnectionImpl@51e4ccb3]
16:30:35.819 [main] DEBUG org.apache.ibatis.transaction.jdbc.JdbcTransaction -- Resetting autocommit to true on JDBC Connection [com.mysql.cj.jdbc.ConnectionImpl@51e4ccb3]
16:30:35.820 [main] DEBUG org.apache.ibatis.transaction.jdbc.JdbcTransaction -- Closing JDBC Connection [com.mysql.cj.jdbc.ConnectionImpl@51e4ccb3]
]]></system-out>
  </testcase>
</testsuite>